#
# A fatal error has been detected by the Java Runtime Environment:
#
#  EXCEPTION_ACCESS_VIOLATION (0xc0000005) at pc=0x000000005a19f903, pid=6760, tid=0x00000000000022d4
#
# JRE version: Java(TM) SE Runtime Environment (8.0_211-b12) (build 1.8.0_211-b12)
# Java VM: Java HotSpot(TM) 64-Bit Server VM (25.211-b12 mixed mode windows-amd64 compressed oops)
# Problematic frame:
# V  [jvm.dll+0xff903]
#
# Failed to write core dump. Minidumps are not enabled by default on client versions of Windows
#
# If you would like to submit a bug report, please visit:
#   http://bugreport.java.com/bugreport/crash.jsp
#

---------------  T H R E A D  ---------------

Current thread (0x0000000017c07000):  VMThread [stack: 0x0000000018c90000,0x0000000018d90000] [id=8916]

siginfo: ExceptionCode=0xc0000005, reading address 0x000000005b8b1071

Registers:
RAX=0x00000000000000ff, RBX=0x0000000018d8ef90, RCX=0x0000000017c07970, RDX=0x0000000000000002
RSP=0x0000000018d8ef20, RBP=0x00000000176dfbbd, RSI=0x0000000001010101, RDI=0x00000000000000ff
R8 =0x000000000313d8b0, R9 =0x0000000000000003, R10=0x0000000000000003, R11=0x00000000176dfbbd
R12=0x000000005a0a0000, R13=0x0000000018d8ef70, R14=0x0000000000000000, R15=0x0000000000000000
RIP=0x000000005a19f903, EFLAGS=0x0000000000010206

Top of Stack: (sp=0x0000000018d8ef20)
0x0000000018d8ef20:   0000000018d8ef90 0000000018d8efb9
0x0000000018d8ef30:   0000000018d8ef70 0000000018d8ef70
0x0000000018d8ef40:   00000000176e1bc8 000000005a276303
0x0000000018d8ef50:   0000000018d8efb9 0000000018d8ef80
0x0000000018d8ef60:   00000000000000b8 0000000018d8ef70
0x0000000018d8ef70:   00000000176e1bc8 0000000017c07000
0x0000000018d8ef80:   00000000176e1bc8 0000000017c07000
0x0000000018d8ef90:   00000000176dfc38 0000000017c07000
0x0000000018d8efa0:   0000007500000075 000000b800000097
0x0000000018d8efb0:   00000000032a0000 00000000000000b8
0x0000000018d8efc0:   00000000176e1bc8 0000000017c07000
0x0000000018d8efd0:   0000007500000072 000000b800000097
0x0000000018d8efe0:   0000000017c00000 00000000000000b8
0x0000000018d8eff0:   0000000017b157d8 0000000000000010
0x0000000018d8f000:   0000000000000000 0000000000000002
0x0000000018d8f010:   00000000176dfc38 000000005a263cb4 

Instructions: (pc=0x000000005a19f903)
0x000000005a19f8e3:   0d 48 8b 0b 48 8b d0 e8 01 2d fb ff 8b f8 4c 8d
0x000000005a19f8f3:   25 08 07 f0 ff 48 63 c7 49 63 b4 84 c0 0b 80 00
0x000000005a19f903:   42 0f b6 8c 26 70 0f 80 00 83 e1 0f 75 3d 44 0f
0x000000005a19f913:   b6 4d 00 41 81 f9 ca 00 00 00 75 0e 48 8b 0b 48 


Register to memory mapping:

RAX=0x00000000000000ff is an unknown value
RBX=0x0000000018d8ef90 is an unknown value
RCX=0x0000000017c07970 is an unknown value
RDX=0x0000000000000002 is an unknown value
RSP=0x0000000018d8ef20 is an unknown value
RBP=0x00000000176dfbbd is pointing into metadata
RSI=0x0000000001010101 is an unknown value
RDI=0x00000000000000ff is an unknown value
R8 =0x000000000313d8b0 is an unknown value
R9 =0x0000000000000003 is an unknown value
R10=0x0000000000000003 is an unknown value
R11=0x00000000176dfbbd is pointing into metadata
R12=0x000000005a0a0000 is an unknown value
R13=0x0000000018d8ef70 is an unknown value
R14=0x0000000000000000 is an unknown value
R15=0x0000000000000000 is an unknown value


Stack: [0x0000000018c90000,0x0000000018d90000],  sp=0x0000000018d8ef20,  free space=1019k
Native frames: (J=compiled Java code, j=interpreted, Vv=VM code, C=native code)
V  [jvm.dll+0xff903]
V  [jvm.dll+0x1d6303]
V  [jvm.dll+0x1c3cb4]
V  [jvm.dll+0x1c8e47]
V  [jvm.dll+0x1c93bb]
V  [jvm.dll+0x24d5f7]
V  [jvm.dll+0x24c896]
V  [jvm.dll+0x24cd31]
V  [jvm.dll+0x24cf4e]
V  [jvm.dll+0x29fc6a]
C  [msvcr100.dll+0x21d9f]
C  [msvcr100.dll+0x21e3b]
C  [KERNEL32.DLL+0x14034]
C  [ntdll.dll+0x73691]

VM_Operation (0x00000000196bf3d0): RedefineClasses, mode: safepoint, requested by thread 0x0000000017c47000, redefining class task_1.TesterClass



---------------  P R O C E S S  ---------------

Java Threads: ( => current thread )
  0x00000000199d0800 JavaThread "Service Thread" daemon [_thread_blocked, id=11608, stack(0x0000000019fc0000,0x000000001a0c0000)]
  0x0000000019951800 JavaThread "C1 CompilerThread2" daemon [_thread_blocked, id=9068, stack(0x0000000019ec0000,0x0000000019fc0000)]
  0x000000001995a000 JavaThread "C2 CompilerThread1" daemon [_thread_blocked, id=12776, stack(0x0000000019dc0000,0x0000000019ec0000)]
  0x0000000019959000 JavaThread "C2 CompilerThread0" daemon [_thread_blocked, id=14068, stack(0x0000000019cc0000,0x0000000019dc0000)]
  0x0000000017c59800 JavaThread "JDWP Command Reader" daemon [_thread_in_native, id=13996, stack(0x00000000197c0000,0x00000000198c0000)]
  0x0000000017c58000 JavaThread "JDWP Event Helper Thread" daemon [_thread_blocked, id=12992, stack(0x00000000196c0000,0x00000000197c0000)]
  0x0000000017c47000 JavaThread "JDWP Transport Listener: dt_socket" daemon [_thread_blocked, id=8228, stack(0x00000000195c0000,0x00000000196c0000)]
  0x0000000017c40800 JavaThread "Attach Listener" daemon [_thread_blocked, id=6324, stack(0x0000000019180000,0x0000000019280000)]
  0x0000000017c3e800 JavaThread "Signal Dispatcher" daemon [_thread_blocked, id=14272, stack(0x0000000019080000,0x0000000019180000)]
  0x0000000017c2a000 JavaThread "Finalizer" daemon [_thread_blocked, id=3552, stack(0x0000000018e90000,0x0000000018f90000)]
  0x0000000017c09000 JavaThread "Reference Handler" daemon [_thread_blocked, id=17572, stack(0x0000000018d90000,0x0000000018e90000)]
  0x0000000003053000 JavaThread "main" [_thread_blocked, id=2248, stack(0x0000000002d90000,0x0000000002e90000)]

Other Threads:
=>0x0000000017c07000 VMThread [stack: 0x0000000018c90000,0x0000000018d90000] [id=8916]
  0x0000000019aab000 WatcherThread [stack: 0x000000001a0c0000,0x000000001a1c0000] [id=7824]

VM state:at safepoint (normal execution)

VM Mutex/Monitor currently owned by a thread:  ([mutex/lock_event])
[0x0000000002ebe2c0] Threads_lock - owner thread: 0x0000000017c07000

heap address: 0x0000000082000000, size: 2016 MB, Compressed Oops mode: 32-bit
Narrow klass base: 0x0000000000000000, Narrow klass shift: 3
Compressed class space size: 1073741824 Address: 0x0000000100000000

Heap:
 PSYoungGen      total 70656K, used 36387K [0x00000000d6000000, 0x00000000daa00000, 0x0000000100000000)
  eden space 65536K, 55% used [0x00000000d6000000,0x00000000d8388d88,0x00000000da000000)
  from space 5120K, 0% used [0x00000000da500000,0x00000000da500000,0x00000000daa00000)
  to   space 5120K, 0% used [0x00000000da000000,0x00000000da000000,0x00000000da500000)
 ParOldGen       total 129536K, used 60014K [0x0000000082000000, 0x0000000089e80000, 0x00000000d6000000)
  object space 129536K, 46% used [0x0000000082000000,0x0000000085a9b980,0x0000000089e80000)
 Metaspace       used 4738K, capacity 4930K, committed 5248K, reserved 1056768K
  class space    used 511K, capacity 561K, committed 640K, reserved 1048576K

Card table byte_map: [0x0000000012510000,0x0000000012910000] byte_map_base: 0x0000000012100000

Marking Bits: (ParMarkBitMap*) 0x000000005a8c5ce0
 Begin Bits: [0x0000000012fb0000, 0x0000000014f30000)
 End Bits:   [0x0000000014f30000, 0x0000000016eb0000)

Polling page: 0x0000000002e90000

CodeCache: size=245760Kb used=1345Kb max_used=1346Kb free=244414Kb
 bounds [0x0000000003150000, 0x00000000033c0000, 0x0000000012150000]
 total_blobs=400 nmethods=117 adapters=204
 compilation: enabled

Compilation events (10 events):
Event: 556.795 Thread 0x0000000019951800 nmethod 113 0x000000000329d390 code [0x000000000329d500, 0x000000000329d728]
Event: 556.805 Thread 0x0000000019959000 nmethod 112 0x00000000032a0850 code [0x00000000032a09a0, 0x00000000032a0c98]
Event: 621.119 Thread 0x0000000019951800  116       3       org.eclipse.jdt.launching.internal.org.objectweb.asm.ClassReader::readUtf (161 bytes)
Event: 621.120 Thread 0x0000000019951800 nmethod 116 0x000000000329c8d0 code [0x000000000329ca60, 0x000000000329cf28]
Event: 621.120 Thread 0x0000000019951800  117       3       org.eclipse.jdt.launching.internal.org.objectweb.asm.ByteVector::putUTF8 (144 bytes)
Event: 621.121 Thread 0x0000000019951800 nmethod 117 0x000000000329f850 code [0x000000000329fa40, 0x00000000032a02f8]
Event: 621.121 Thread 0x0000000019951800  114       3       org.eclipse.jdt.launching.internal.org.objectweb.asm.Symbol::<init> (38 bytes)
Event: 621.121 Thread 0x0000000019951800 nmethod 114 0x000000000329f410 code [0x000000000329f560, 0x000000000329f770]
Event: 621.121 Thread 0x0000000019951800  115       3       org.eclipse.jdt.launching.internal.org.objectweb.asm.SymbolTable::put (150 bytes)
Event: 621.122 Thread 0x0000000019951800 nmethod 115 0x00000000032a0e50 code [0x00000000032a1000, 0x00000000032a1750]

GC Heap History (6 events):
Event: 1.119 GC heap before
{Heap before GC invocations=1 (full 0):
 PSYoungGen      total 37888K, used 32758K [0x00000000d6000000, 0x00000000d8a00000, 0x0000000100000000)
  eden space 32768K, 99% used [0x00000000d6000000,0x00000000d7ffdb80,0x00000000d8000000)
  from space 5120K, 0% used [0x00000000d8500000,0x00000000d8500000,0x00000000d8a00000)
  to   space 5120K, 0% used [0x00000000d8000000,0x00000000d8000000,0x00000000d8500000)
 ParOldGen       total 86016K, used 0K [0x0000000082000000, 0x0000000087400000, 0x00000000d6000000)
  object space 86016K, 0% used [0x0000000082000000,0x0000000082000000,0x0000000087400000)
 Metaspace       used 4709K, capacity 4930K, committed 5248K, reserved 1056768K
  class space    used 510K, capacity 561K, committed 640K, reserved 1048576K
Event: 1.138 GC heap after
Heap after GC invocations=1 (full 0):
 PSYoungGen      total 37888K, used 5104K [0x00000000d6000000, 0x00000000daa00000, 0x0000000100000000)
  eden space 32768K, 0% used [0x00000000d6000000,0x00000000d6000000,0x00000000d8000000)
  from space 5120K, 99% used [0x00000000d8000000,0x00000000d84fc010,0x00000000d8500000)
  to   space 5120K, 0% used [0x00000000da500000,0x00000000da500000,0x00000000daa00000)
 ParOldGen       total 86016K, used 22987K [0x0000000082000000, 0x0000000087400000, 0x00000000d6000000)
  object space 86016K, 26% used [0x0000000082000000,0x0000000083672e28,0x0000000087400000)
 Metaspace       used 4709K, capacity 4930K, committed 5248K, reserved 1056768K
  class space    used 510K, capacity 561K, committed 640K, reserved 1048576K
}
Event: 1.146 GC heap before
{Heap before GC invocations=2 (full 0):
 PSYoungGen      total 37888K, used 37872K [0x00000000d6000000, 0x00000000daa00000, 0x0000000100000000)
  eden space 32768K, 100% used [0x00000000d6000000,0x00000000d8000000,0x00000000d8000000)
  from space 5120K, 99% used [0x00000000d8000000,0x00000000d84fc010,0x00000000d8500000)
  to   space 5120K, 0% used [0x00000000da500000,0x00000000da500000,0x00000000daa00000)
 ParOldGen       total 86016K, used 22987K [0x0000000082000000, 0x0000000087400000, 0x00000000d6000000)
  object space 86016K, 26% used [0x0000000082000000,0x0000000083672e28,0x0000000087400000)
 Metaspace       used 4709K, capacity 4930K, committed 5248K, reserved 1056768K
  class space    used 510K, capacity 561K, committed 640K, reserved 1048576K
Event: 1.176 GC heap after
Heap after GC invocations=2 (full 0):
 PSYoungGen      total 70656K, used 5104K [0x00000000d6000000, 0x00000000daa00000, 0x0000000100000000)
  eden space 65536K, 0% used [0x00000000d6000000,0x00000000d6000000,0x00000000da000000)
  from space 5120K, 99% used [0x00000000da500000,0x00000000da9fc010,0x00000000daa00000)
  to   space 5120K, 0% used [0x00000000da000000,0x00000000da000000,0x00000000da500000)
 ParOldGen       total 86016K, used 55318K [0x0000000082000000, 0x0000000087400000, 0x00000000d6000000)
  object space 86016K, 64% used [0x0000000082000000,0x0000000085605b88,0x0000000087400000)
 Metaspace       used 4709K, capacity 4930K, committed 5248K, reserved 1056768K
  class space    used 510K, capacity 561K, committed 640K, reserved 1048576K
}
Event: 1.176 GC heap before
{Heap before GC invocations=3 (full 1):
 PSYoungGen      total 70656K, used 5104K [0x00000000d6000000, 0x00000000daa00000, 0x0000000100000000)
  eden space 65536K, 0% used [0x00000000d6000000,0x00000000d6000000,0x00000000da000000)
  from space 5120K, 99% used [0x00000000da500000,0x00000000da9fc010,0x00000000daa00000)
  to   space 5120K, 0% used [0x00000000da000000,0x00000000da000000,0x00000000da500000)
 ParOldGen       total 86016K, used 55318K [0x0000000082000000, 0x0000000087400000, 0x00000000d6000000)
  object space 86016K, 64% used [0x0000000082000000,0x0000000085605b88,0x0000000087400000)
 Metaspace       used 4709K, capacity 4930K, committed 5248K, reserved 1056768K
  class space    used 510K, capacity 561K, committed 640K, reserved 1048576K
Event: 1.204 GC heap after
Heap after GC invocations=3 (full 1):
 PSYoungGen      total 70656K, used 0K [0x00000000d6000000, 0x00000000daa00000, 0x0000000100000000)
  eden space 65536K, 0% used [0x00000000d6000000,0x00000000d6000000,0x00000000da000000)
  from space 5120K, 0% used [0x00000000da500000,0x00000000da500000,0x00000000daa00000)
  to   space 5120K, 0% used [0x00000000da000000,0x00000000da000000,0x00000000da500000)
 ParOldGen       total 129536K, used 60014K [0x0000000082000000, 0x0000000089e80000, 0x00000000d6000000)
  object space 129536K, 46% used [0x0000000082000000,0x0000000085a9b980,0x0000000089e80000)
 Metaspace       used 4709K, capacity 4930K, committed 5248K, reserved 1056768K
  class space    used 510K, capacity 561K, committed 640K, reserved 1048576K
}

Deoptimization events (0 events):
No events

Classes redefined (2 events):
Event: 179.170 Thread 0x0000000017c07000 redefined class name=task_1.TesterClass, count=1
Event: 556.798 Thread 0x0000000017c07000 redefined class name=task_1.TesterClass, count=2

Internal exceptions (2 events):
Event: 0.063 Thread 0x0000000003053000 Exception <a 'java/lang/NoSuchMethodError': Method sun.misc.Unsafe.defineClass(Ljava/lang/String;[BII)Ljava/lang/Class; name or signature does not match> (0x00000000d6007cb0) thrown at [C:\re\workspace\8-2-build-windows-amd64-cygwin\jdk8u211\12973\hotspot
Event: 0.063 Thread 0x0000000003053000 Exception <a 'java/lang/NoSuchMethodError': Method sun.misc.Unsafe.prefetchRead(Ljava/lang/Object;J)V name or signature does not match> (0x00000000d6007f98) thrown at [C:\re\workspace\8-2-build-windows-amd64-cygwin\jdk8u211\12973\hotspot\src\share\vm\prim

Events (10 events):
Event: 564.440 Executing VM operation: GetCurrentContendedMonitor done
Event: 621.114 Executing VM operation: GetCurrentLocation
Event: 621.114 Executing VM operation: GetCurrentLocation done
Event: 621.115 Executing VM operation: EnterInterpOnlyMode
Event: 621.115 Executing VM operation: EnterInterpOnlyMode done
Event: 621.115 Executing VM operation: ChangeSingleStep
Event: 621.115 Executing VM operation: ChangeSingleStep done
Event: 621.115 Executing VM operation: ChangeSingleStep
Event: 621.115 Executing VM operation: ChangeSingleStep done
Event: 621.123 Executing VM operation: RedefineClasses


Dynamic libraries:
0x00007ff7a6480000 - 0x00007ff7a64b7000 	C:\Program Files\Java\jre1.8.0_211\bin\javaw.exe
0x00007ff8ad120000 - 0x00007ff8ad301000 	C:\WINDOWS\SYSTEM32\ntdll.dll
0x00007ff8aae70000 - 0x00007ff8aaf21000 	C:\WINDOWS\System32\KERNEL32.DLL
0x00007ff8a9910000 - 0x00007ff8a9b83000 	C:\WINDOWS\System32\KERNELBASE.dll
0x00007ff8acd30000 - 0x00007ff8acdd1000 	C:\WINDOWS\System32\ADVAPI32.dll
0x00007ff8aa5b0000 - 0x00007ff8aa64e000 	C:\WINDOWS\System32\msvcrt.dll
0x00007ff8accd0000 - 0x00007ff8acd2b000 	C:\WINDOWS\System32\sechost.dll
0x00007ff8acdf0000 - 0x00007ff8acf14000 	C:\WINDOWS\System32\RPCRT4.dll
0x00007ff8aa660000 - 0x00007ff8aa7f0000 	C:\WINDOWS\System32\USER32.dll
0x00007ff8aa590000 - 0x00007ff8aa5b0000 	C:\WINDOWS\System32\win32u.dll
0x00007ff8acf20000 - 0x00007ff8acf48000 	C:\WINDOWS\System32\GDI32.dll
0x00007ff8a9570000 - 0x00007ff8a9701000 	C:\WINDOWS\System32\gdi32full.dll
0x00007ff8a9710000 - 0x00007ff8a97af000 	C:\WINDOWS\System32\msvcp_win.dll
0x00007ff8aa490000 - 0x00007ff8aa588000 	C:\WINDOWS\System32\ucrtbase.dll
0x00007ff89b510000 - 0x00007ff89b779000 	C:\WINDOWS\WinSxS\amd64_microsoft.windows.common-controls_6595b64144ccf1df_6.0.17134.885_none_fb42a3473065565f\COMCTL32.dll
0x00007ff8ac920000 - 0x00007ff8acc42000 	C:\WINDOWS\System32\combase.dll
0x00007ff8a94f0000 - 0x00007ff8a9569000 	C:\WINDOWS\System32\bcryptPrimitives.dll
0x00007ff8aa850000 - 0x00007ff8aa87d000 	C:\WINDOWS\System32\IMM32.DLL
0x000000005a950000 - 0x000000005aa22000 	C:\Program Files\Java\jre1.8.0_211\bin\msvcr100.dll
0x000000005a0a0000 - 0x000000005a945000 	C:\Program Files\Java\jre1.8.0_211\bin\server\jvm.dll
0x00007ff8aa650000 - 0x00007ff8aa658000 	C:\WINDOWS\System32\PSAPI.DLL
0x00007ff8a8180000 - 0x00007ff8a8189000 	C:\WINDOWS\SYSTEM32\WSOCK32.dll
0x00007ff89f760000 - 0x00007ff89f76a000 	C:\WINDOWS\SYSTEM32\VERSION.dll
0x00007ff89ce70000 - 0x00007ff89ce93000 	C:\WINDOWS\SYSTEM32\WINMM.dll
0x00007ff8ac5d0000 - 0x00007ff8ac63c000 	C:\WINDOWS\System32\WS2_32.dll
0x00007ff89ce40000 - 0x00007ff89ce6a000 	C:\WINDOWS\SYSTEM32\winmmbase.dll
0x00007ff8a97b0000 - 0x00007ff8a97f9000 	C:\WINDOWS\System32\cfgmgr32.dll
0x00007ff89db20000 - 0x00007ff89db2f000 	C:\Program Files\Java\jre1.8.0_211\bin\verify.dll
0x00007ff898e70000 - 0x00007ff898e99000 	C:\Program Files\Java\jre1.8.0_211\bin\java.dll
0x00007ff88b100000 - 0x00007ff88b135000 	C:\Program Files\Java\jre1.8.0_211\bin\jdwp.dll
0x00007ff89d570000 - 0x00007ff89d578000 	C:\Program Files\Java\jre1.8.0_211\bin\npt.dll
0x00007ff88aa60000 - 0x00007ff88aa83000 	C:\Program Files\Java\jre1.8.0_211\bin\instrument.dll
0x00007ff89a220000 - 0x00007ff89a236000 	C:\Program Files\Java\jre1.8.0_211\bin\zip.dll
0x00007ff8ab190000 - 0x00007ff8ac5d0000 	C:\WINDOWS\System32\SHELL32.dll
0x00007ff8acf50000 - 0x00007ff8acff9000 	C:\WINDOWS\System32\shcore.dll
0x00007ff8a9d80000 - 0x00007ff8aa48d000 	C:\WINDOWS\System32\windows.storage.dll
0x00007ff8acc70000 - 0x00007ff8accc1000 	C:\WINDOWS\System32\shlwapi.dll
0x00007ff8a94b0000 - 0x00007ff8a94c1000 	C:\WINDOWS\System32\kernel.appcore.dll
0x00007ff8a9490000 - 0x00007ff8a94af000 	C:\WINDOWS\System32\profapi.dll
0x00007ff8a9440000 - 0x00007ff8a948c000 	C:\WINDOWS\System32\powrprof.dll
0x00007ff8a9430000 - 0x00007ff8a943a000 	C:\WINDOWS\System32\FLTLIB.DLL
0x00007ff89d560000 - 0x00007ff89d569000 	C:\Program Files\Java\jre1.8.0_211\bin\dt_socket.dll
0x00007ff89c5d0000 - 0x00007ff89c5e6000 	C:\WINDOWS\system32\napinsp.dll
0x00007ff89c5b0000 - 0x00007ff89c5ca000 	C:\WINDOWS\system32\pnrpnsp.dll
0x00007ff8a40d0000 - 0x00007ff8a40e9000 	C:\WINDOWS\system32\NLAapi.dll
0x00007ff8a8cb0000 - 0x00007ff8a8d16000 	C:\WINDOWS\System32\mswsock.dll
0x00007ff8a8a70000 - 0x00007ff8a8b2e000 	C:\WINDOWS\SYSTEM32\DNSAPI.dll
0x00007ff8acde0000 - 0x00007ff8acde8000 	C:\WINDOWS\System32\NSI.dll
0x00007ff8a8a30000 - 0x00007ff8a8a68000 	C:\WINDOWS\SYSTEM32\IPHLPAPI.DLL
0x00007ff89c5a0000 - 0x00007ff89c5ae000 	C:\WINDOWS\System32\winrnr.dll
0x00007ff8a3870000 - 0x00007ff8a3885000 	C:\WINDOWS\System32\wshbth.dll
0x00007ff8a1d70000 - 0x00007ff8a1de2000 	C:\WINDOWS\System32\fwpuclnt.dll
0x00007ff8a8f90000 - 0x00007ff8a8fb5000 	C:\WINDOWS\SYSTEM32\bcrypt.dll
0x00007ff8a1eb0000 - 0x00007ff8a1eba000 	C:\Windows\System32\rasadhlp.dll
0x00007ff8a7e90000 - 0x00007ff8a8059000 	C:\WINDOWS\SYSTEM32\dbghelp.dll

VM Arguments:
jvm_args: -agentlib:jdwp=transport=dt_socket,suspend=y,address=localhost:49871 -javaagent:C:\Users\rita\eclipse\java-2018-12\eclipse\configuration\org.eclipse.osgi\221\0\.cp\lib\javaagent-shaded.jar -Dfile.encoding=Cp1252 
java_command: task_1.TesterClass
java_class_path (initial): C:\Users\rita\Desktop\Seneca\JAC\workshops\w_9\workshop_9\bin;C:\Users\rita\eclipse\java-2018-12\eclipse\configuration\org.eclipse.osgi\221\0\.cp\lib\javaagent-shaded.jar
Launcher Type: SUN_STANDARD

Environment Variables:
PATH=C:/Program Files/Java/jre1.8.0_211/bin/server;C:/Program Files/Java/jre1.8.0_211/bin;C:/Program Files/Java/jre1.8.0_211/lib/amd64;C:\Program Files (x86)\Common Files\Oracle\Java\javapath;C:\Program Files (x86)\Intel\iCLS Client\;C:\Program Files\Intel\iCLS Client\;C:\WINDOWS\system32;C:\WINDOWS;C:\WINDOWS\System32\Wbem;C:\WINDOWS\System32\WindowsPowerShell\v1.0\;C:\Program Files (x86)\Intel\Intel(R) Management Engine Components\DAL;C:\Program Files\Intel\Intel(R) Management Engine Components\DAL;C:\Program Files (x86)\Intel\Intel(R) Management Engine Components\IPT;C:\Program Files\Intel\Intel(R) Management Engine Components\IPT;C:\Program Files (x86)\Skype\Phone\;C:\WINDOWS\System32\OpenSSH\;C:\Program Files\Git\cmd;C:\Program Files\Microsoft VS Code\bin;C:\Program Files\Intel\WiFi\bin\;C:\Program Files\Common Files\Intel\WirelessCommon\;C:\ProgramData\ComposerSetup\bin;C:\Program Files\Symfony;C:\Program Files\nodejs\;C:\Users\rita\AppData\Local\Microsoft\WindowsApps;C:\Program Files\Microsoft VS Code\bin;C:\Program Files\heroku\bin;C:\Users\rita\AppData\Local\GitHubDesktop\bin;C:\MongoDB\Server\4.0\bin;C:\php;C:\Users\rita\AppData\Roaming\Composer\vendor\bin;C:\Java\jdk-12.0.1\bin;C:\Users\rita\AppData\Roaming\npm;C:\Users\rita\Desktop;
USERNAME=rita
OS=Windows_NT
PROCESSOR_IDENTIFIER=Intel64 Family 6 Model 78 Stepping 3, GenuineIntel



---------------  S Y S T E M  ---------------

OS: Windows 10.0 , 64 bit Build 17134 (10.0.17134.753)

CPU:total 4 (initial active 4) (2 cores per cpu, 2 threads per core) family 6 model 78 stepping 3, cmov, cx8, fxsr, mmx, sse, sse2, sse3, ssse3, sse4.1, sse4.2, popcnt, avx, avx2, aes, clmul, erms, 3dnowpref, lzcnt, ht, tsc, tscinvbit, bmi1, bmi2, adx

Memory: 4k page, physical 8249532k(2406792k free), swap 18022876k(4120964k free)

vm_info: Java HotSpot(TM) 64-Bit Server VM (25.211-b12) for windows-amd64 JRE (1.8.0_211-b12), built on Apr  1 2019 20:53:26 by "java_re" with MS VC++ 10.0 (VS2010)

time: Sun Jul 21 14:29:33 2019
timezone: Eastern Daylight Time
elapsed time: 621 seconds (0d 0h 10m 21s)

